<?xml version="1.0" encoding="UTF-8"?>
<!-- Generated by org.testng.reporters.JUnitXMLReporter -->
<testsuite hostname="DESKTOP-1GNHUG4" ignored="0" name="Default test" tests="5" failures="0" timestamp="2020-05-09T01:17:53 CEST" time="96.034" errors="0">
  <testcase name="addNewPlace" time="13.103" classname="tests.TestClass"/>
  <testcase name="deleteAllPlacesFromHistory" time="51.592" classname="tests.TestClass"/>
  <testcase name="openSidebar" time="5.382" classname="tests.TestClass"/>
  <testcase name="tapLocationButtonAndAcceptAlert" time="2.277" classname="tests.TestClass"/>
  <testcase name="tapLocationButtonAndDismissAlert" time="3.049" classname="tests.TestClass"/>
</testsuite> <!-- Default test -->
