<?xml version="1.0" encoding="UTF-8"?>
<!-- Generated by org.testng.reporters.JUnitXMLReporter -->
<testsuite hostname="DESKTOP-1GNHUG4" ignored="0" name="Default test" tests="5" failures="0" timestamp="2020-05-04T12:15:52 CEST" time="94.722" errors="0">
  <testcase name="addNewPlace" time="13.711" classname="tests.TestClass"/>
  <testcase name="deleteAllPlacesFromHistory" time="50.056" classname="tests.TestClass"/>
  <testcase name="openSidebar" time="6.264" classname="tests.TestClass"/>
  <testcase name="tapLocationButtonAndAcceptAlert" time="2.222" classname="tests.TestClass"/>
  <testcase name="tapLocationButtonAndDismissAlert" time="3.041" classname="tests.TestClass"/>
</testsuite> <!-- Default test -->
