<?xml version="1.0" encoding="UTF-8"?>
<!-- Generated by org.testng.reporters.JUnitXMLReporter -->
<testsuite hostname="DESKTOP-1GNHUG4" ignored="3" name="Test" tests="1" failures="0" timestamp="2020-06-12T20:56:16 CEST" time="2.439" errors="0">
  <testcase name="@BeforeClass navigateToMainPage" time="0.0" classname="tests.NavigationDrawerTest">
    <failure type="java.lang.NullPointerException">
      <![CDATA[java.lang.NullPointerException
at tests.NavigationDrawerTest.navigateToMainPage(NavigationDrawerTest.java:29)
at java.util.ArrayList.forEach(Unknown Source)
... Removed 25 stack frames]]>
    </failure>
  </testcase> <!-- @BeforeClass navigateToMainPage -->
  <testcase name="@BeforeMethod tapHamburgerButton" time="-1.591988176547E9" classname="tests.NavigationDrawerTest">
    <skipped/>
  </testcase> <!-- @BeforeMethod tapHamburgerButton -->
  <testcase name="@AfterMethod goBack" time="-1.59198817655E9" classname="tests.NavigationDrawerTest">
    <skipped/>
  </testcase> <!-- @AfterMethod goBack -->
  <testcase name="@AfterMethod resetApp" time="-1.591988176551E9" classname="base.BaseClass">
    <skipped/>
  </testcase> <!-- @AfterMethod resetApp -->
  <testcase name="@AfterTest tearDown" time="-1.591988176553E9" classname="base.BaseClass">
    <skipped/>
  </testcase> <!-- @AfterTest tearDown -->
  <testcase name="tapRainRadarDrawerButton" time="0.0" classname="tests.NavigationDrawerTest">
    <skipped/>
  </testcase> <!-- tapRainRadarDrawerButton -->
  <testcase name="tapWeatherDrawerButton" time="0.0" classname="tests.NavigationDrawerTest">
    <ignored/>
  </testcase> <!-- tapWeatherDrawerButton -->
  <testcase name="tapWeatherRadarDrawerButton" time="0.0" classname="tests.NavigationDrawerTest">
    <ignored/>
  </testcase> <!-- tapWeatherRadarDrawerButton -->
  <testcase name="tapMyPlacesDrawerButton" time="0.0" classname="tests.NavigationDrawerTest">
    <ignored/>
  </testcase> <!-- tapMyPlacesDrawerButton -->
</testsuite> <!-- Test -->
