<?xml version="1.0" encoding="UTF-8"?>
<!-- Generated by org.testng.reporters.JUnitXMLReporter -->
<testsuite hostname="DESKTOP-1GNHUG4" ignored="11" name="Test" tests="19" failures="2" timestamp="2020-07-16T14:59:58 CEST" time="166.261" errors="0">
  <testcase name="checkIfHamburgerButtonExists" time="2.642" classname="tests.MainPageExistenceTest"/>
  <testcase name="checkIfMagnifierExists" time="0.052" classname="tests.MainPageExistenceTest"/>
  <testcase name="checkIfTemperatureExists" time="0.272" classname="tests.MainPageExistenceTest"/>
  <testcase name="checkIfSunriseSunsetExists" time="0.178" classname="tests.MainPageExistenceTest"/>
  <testcase name="checkIfHourlyWeatherExists" time="0.71" classname="tests.MainPageExistenceTest"/>
  <testcase name="checkIfAdExists" time="0.104" classname="tests.MainPageExistenceTest"/>
  <testcase name="checkIfWeatherRadarExists" time="5.854" classname="tests.MainPageExistenceTest"/>
  <testcase name="checkIfWetterOnlineHomeInfoExists" time="0.038" classname="tests.MainPageExistenceTest"/>
  <testcase name="checkIfWeatherPredictionExists" time="5.719" classname="tests.MainPageExistenceTest"/>
  <testcase name="checkIfFourteenDayWeatherExists" time="11.502" classname="tests.MainPageExistenceTest"/>
  <testcase name="checkIfPhotoButtonExists" time="21.304" classname="tests.MainPageExistenceTest"/>
  <testcase name="denyCameraPermission" time="2.085" classname="tests.PhotoTest"/>
  <testcase name="takePicture" time="6.725" classname="tests.PhotoTest"/>
  <testcase name="tapMyLocationsDrawerButton" time="3.468" classname="tests.NavigationDrawerTest"/>
  <testcase name="tapRainRadarDrawerButton" time="8.042" classname="tests.NavigationDrawerTest"/>
  <testcase name="tapWeatherDrawerButton" time="2.304" classname="tests.NavigationDrawerTest"/>
  <testcase name="tapWeatherRadarDrawerButton" time="3.454" classname="tests.NavigationDrawerTest"/>
  <testcase name="fifteenMinPredictionTest" time="16.073" classname="tests.WeatherRadarTest">
    <failure type="org.openqa.selenium.NoSuchElementException" message="Can&amp;apos;t locate an element by this strategy: By.chained({By.xpath: /hierarchy/android.widget.FrameLayout/android.widget.LinearLayout/android.widget.FrameLayout/android.widget.FrameLayout/android.widget.FrameLayout/android.view.ViewGroup/android.webkit.WebView/android.webkit.WebView/android.view.View/android.view.View/android.view.View/android.view.View[2]/android.view.View[3]/android.view.View[3]/android.view.View/android.view.View})">
      <![CDATA[org.openqa.selenium.NoSuchElementException: Can't locate an element by this strategy: By.chained({By.xpath: /hierarchy/android.widget.FrameLayout/android.widget.LinearLayout/android.widget.FrameLayout/android.widget.FrameLayout/android.widget.FrameLayout/android.view.ViewGroup/android.webkit.WebView/android.webkit.WebView/android.view.View/android.view.View/android.view.View/android.view.View[2]/android.view.View[3]/android.view.View[3]/android.view.View/android.view.View})
at io.appium.java_client.pagefactory.AppiumElementLocator.findElement(AppiumElementLocator.java:126)
at io.appium.java_client.pagefactory.interceptors.InterceptorOfASingleElement.intercept(InterceptorOfASingleElement.java:59)
at io.appium.java_client.android.AndroidElement$$EnhancerByCGLIB$$b598166c.click(<generated>)
at tests.WeatherRadarTest.fifteenMinPredictionTest(WeatherRadarTest.java:67)
at java.util.ArrayList.forEach(Unknown Source)
Caused by: org.openqa.selenium.TimeoutException: Expected condition failed: waiting for io.appium.java_client.pagefactory.AppiumElementLocator$WaitingFunction@224b4d61 (tried for 1 second(s) with 500 milliseconds interval)
at org.openqa.selenium.support.ui.FluentWait.timeoutException(FluentWait.java:304)
at org.openqa.selenium.support.ui.FluentWait.until(FluentWait.java:272)
at io.appium.java_client.pagefactory.AppiumElementLocator.waitFor(AppiumElementLocator.java:99)
at io.appium.java_client.pagefactory.AppiumElementLocator.findElement(AppiumElementLocator.java:119)
... 31 more
Caused by: org.openqa.selenium.NoSuchElementException: Cannot locate an element using By.chained({By.xpath: /hierarchy/android.widget.FrameLayout/android.widget.LinearLayout/android.widget.FrameLayout/android.widget.FrameLayout/android.widget.FrameLayout/android.view.ViewGroup/android.webkit.WebView/android.webkit.WebView/android.view.View/android.view.View/android.view.View/android.view.View[2]/android.view.View[3]/android.view.View[3]/android.view.View/android.view.View})
For documentation on this error, please visit: https://www.seleniumhq.org/exceptions/no_such_element.html
Build info: version: '3.141.59', revision: 'e82be7d358', time: '2018-11-14T08:17:03'
System info: host: 'DESKTOP-1GNHUG4', ip: '192.168.56.1', os.name: 'Windows 10', os.arch: 'amd64', os.version: '10.0', java.version: '1.8.0_241'
Driver info: driver.version: AndroidDriver
at io.appium.java_client.pagefactory.bys.builder.ByChained.findElement(ByChained.java:74)
at org.openqa.selenium.remote.RemoteWebDriver.findElement(RemoteWebDriver.java:315)
at io.appium.java_client.DefaultGenericMobileDriver.findElement(DefaultGenericMobileDriver.java:57)
at io.appium.java_client.AppiumDriver.findElement(AppiumDriver.java:1)
at io.appium.java_client.android.AndroidDriver.findElement(AndroidDriver.java:1)
at io.appium.java_client.pagefactory.bys.ContentMappedBy.findElement(ContentMappedBy.java:50)
at org.openqa.selenium.remote.RemoteWebDriver.findElement(RemoteWebDriver.java:315)
at io.appium.java_client.DefaultGenericMobileDriver.findElement(DefaultGenericMobileDriver.java:57)
at io.appium.java_client.AppiumDriver.findElement(AppiumDriver.java:1)
at io.appium.java_client.android.AndroidDriver.findElement(AndroidDriver.java:1)
at io.appium.java_client.pagefactory.AppiumElementLocator.lambda$0(AppiumElementLocator.java:120)
at io.appium.java_client.pagefactory.AppiumElementLocator$WaitingFunction.apply(AppiumElementLocator.java:172)
at io.appium.java_client.pagefactory.AppiumElementLocator$WaitingFunction.apply(AppiumElementLocator.java:1)
at org.openqa.selenium.support.ui.FluentWait.until(FluentWait.java:249)
... 33 more
... Removed 27 stack frames]]>
    </failure>
  </testcase> <!-- fifteenMinPredictionTest -->
  <testcase name="fiveMinPredictionTest" time="12.271" classname="tests.WeatherRadarTest">
    <failure type="org.openqa.selenium.NoSuchElementException" message="Can&amp;apos;t locate an element by this strategy: By.chained({By.xpath: /hierarchy/android.widget.FrameLayout/android.widget.LinearLayout/android.widget.FrameLayout/android.widget.FrameLayout/android.widget.FrameLayout/android.view.ViewGroup/android.webkit.WebView/android.webkit.WebView/android.view.View/android.view.View/android.view.View/android.view.View[2]/android.view.View[3]/android.view.View[3]/android.view.View/android.view.View})">
      <![CDATA[org.openqa.selenium.NoSuchElementException: Can't locate an element by this strategy: By.chained({By.xpath: /hierarchy/android.widget.FrameLayout/android.widget.LinearLayout/android.widget.FrameLayout/android.widget.FrameLayout/android.widget.FrameLayout/android.view.ViewGroup/android.webkit.WebView/android.webkit.WebView/android.view.View/android.view.View/android.view.View/android.view.View[2]/android.view.View[3]/android.view.View[3]/android.view.View/android.view.View})
at io.appium.java_client.pagefactory.AppiumElementLocator.findElement(AppiumElementLocator.java:126)
at io.appium.java_client.pagefactory.interceptors.InterceptorOfASingleElement.intercept(InterceptorOfASingleElement.java:59)
at io.appium.java_client.android.AndroidElement$$EnhancerByCGLIB$$b598166c.click(<generated>)
at tests.WeatherRadarTest.fiveMinPredictionTest(WeatherRadarTest.java:86)
at java.util.ArrayList.forEach(Unknown Source)
Caused by: org.openqa.selenium.TimeoutException: Expected condition failed: waiting for io.appium.java_client.pagefactory.AppiumElementLocator$WaitingFunction@7bf9b098 (tried for 1 second(s) with 500 milliseconds interval)
at org.openqa.selenium.support.ui.FluentWait.timeoutException(FluentWait.java:304)
at org.openqa.selenium.support.ui.FluentWait.until(FluentWait.java:272)
at io.appium.java_client.pagefactory.AppiumElementLocator.waitFor(AppiumElementLocator.java:99)
at io.appium.java_client.pagefactory.AppiumElementLocator.findElement(AppiumElementLocator.java:119)
... 31 more
Caused by: org.openqa.selenium.NoSuchElementException: Cannot locate an element using By.chained({By.xpath: /hierarchy/android.widget.FrameLayout/android.widget.LinearLayout/android.widget.FrameLayout/android.widget.FrameLayout/android.widget.FrameLayout/android.view.ViewGroup/android.webkit.WebView/android.webkit.WebView/android.view.View/android.view.View/android.view.View/android.view.View[2]/android.view.View[3]/android.view.View[3]/android.view.View/android.view.View})
For documentation on this error, please visit: https://www.seleniumhq.org/exceptions/no_such_element.html
Build info: version: '3.141.59', revision: 'e82be7d358', time: '2018-11-14T08:17:03'
System info: host: 'DESKTOP-1GNHUG4', ip: '192.168.56.1', os.name: 'Windows 10', os.arch: 'amd64', os.version: '10.0', java.version: '1.8.0_241'
Driver info: driver.version: AndroidDriver
at io.appium.java_client.pagefactory.bys.builder.ByChained.findElement(ByChained.java:74)
at org.openqa.selenium.remote.RemoteWebDriver.findElement(RemoteWebDriver.java:315)
at io.appium.java_client.DefaultGenericMobileDriver.findElement(DefaultGenericMobileDriver.java:57)
at io.appium.java_client.AppiumDriver.findElement(AppiumDriver.java:1)
at io.appium.java_client.android.AndroidDriver.findElement(AndroidDriver.java:1)
at io.appium.java_client.pagefactory.bys.ContentMappedBy.findElement(ContentMappedBy.java:50)
at org.openqa.selenium.remote.RemoteWebDriver.findElement(RemoteWebDriver.java:315)
at io.appium.java_client.DefaultGenericMobileDriver.findElement(DefaultGenericMobileDriver.java:57)
at io.appium.java_client.AppiumDriver.findElement(AppiumDriver.java:1)
at io.appium.java_client.android.AndroidDriver.findElement(AndroidDriver.java:1)
at io.appium.java_client.pagefactory.AppiumElementLocator.lambda$0(AppiumElementLocator.java:120)
at io.appium.java_client.pagefactory.AppiumElementLocator$WaitingFunction.apply(AppiumElementLocator.java:172)
at io.appium.java_client.pagefactory.AppiumElementLocator$WaitingFunction.apply(AppiumElementLocator.java:1)
at org.openqa.selenium.support.ui.FluentWait.until(FluentWait.java:249)
... 33 more
... Removed 27 stack frames]]>
    </failure>
  </testcase> <!-- fiveMinPredictionTest -->
  <testcase name="@AfterTest tearDown" time="0.0" classname="base.BaseClass">
    <ignored/>
  </testcase> <!-- @AfterTest tearDown -->
  <testcase name="@AfterTest tearDown" time="0.0" classname="base.BaseClass">
    <ignored/>
  </testcase> <!-- @AfterTest tearDown -->
  <testcase name="@AfterTest tearDown" time="0.0" classname="base.BaseClass">
    <ignored/>
  </testcase> <!-- @AfterTest tearDown -->
  <testcase name="tapPhotoDrawerButton" time="0.0" classname="tests.NavigationDrawerTest">
    <ignored/>
  </testcase> <!-- tapPhotoDrawerButton -->
  <testcase name="checkIfMoreNewsSectionExists" time="0.0" classname="tests.MainPageExistenceTest">
    <ignored/>
  </testcase> <!-- checkIfMoreNewsSectionExists -->
  <testcase name="tapWeatherNewsDrawerButton" time="0.0" classname="tests.NavigationDrawerTest">
    <ignored/>
  </testcase> <!-- tapWeatherNewsDrawerButton -->
  <testcase name="@BeforeTest setup" time="0.0" classname="base.BaseClass">
    <ignored/>
  </testcase> <!-- @BeforeTest setup -->
  <testcase name="@BeforeTest setup" time="0.0" classname="base.BaseClass">
    <ignored/>
  </testcase> <!-- @BeforeTest setup -->
  <testcase name="@BeforeTest setup" time="0.0" classname="base.BaseClass">
    <ignored/>
  </testcase> <!-- @BeforeTest setup -->
  <testcase name="switchToRainRadar" time="0.0" classname="tests.WeatherRadarTest">
    <ignored/>
  </testcase> <!-- switchToRainRadar -->
  <testcase name="checkIfTopTopicExists" time="0.0" classname="tests.MainPageExistenceTest">
    <ignored/>
  </testcase> <!-- checkIfTopTopicExists -->
</testsuite> <!-- Test -->
